**** BEGIN LOGGING AT Sat Oct 21 19:47:03 2017

Oct 21 19:47:03 *	Now talking on #english09
Oct 21 19:47:03 *	Topic for #english09 is: Welcome to JOTA-JOTI 2017! | ScoutLink is open all year, 24/7 | Win a necker and badge at www.scoutlink.net/win | Minecraft server: minecraft.scoutlink.net | Listen along with JOTI radio @ jotiradio.org | View our rules at www.scoutlink.net/rules
Oct 21 19:47:03 *	Topic for #english09 set by bot-en (Sat Oct 21 07:58:08 2017)
Oct 21 19:47:05 *	Mason looks at petite.
Oct 21 19:47:05 <JOTI02>	what age are you
Oct 21 19:47:09 <ChristianDenSeje-ESB>	Weird talk, thooough.
Oct 21 19:47:10 <petite>	btw petite is small in french\
Oct 21 19:47:11 *	Darwin497 (~NTscouts-D@29646d.1f5542.e5bb58.3fe922) has joined
Oct 21 19:47:13 <JATENG_SITASI_FeryAdwarsyah>	hi
Oct 21 19:47:13 *	INA_1303_T_Fadhol (~SLAndroid@7544bc.dbd07f.dd2647.b8115d) has joined
Oct 21 19:47:14 *	INA_1303_T_Fadhol (~SLAndroid@7544bc.dbd07f.dd2647.b8115d) has left
Oct 21 19:47:14 <JATENG_SITASI_Adithya>	im 17 yo
Oct 21 19:47:14 <jellyqueen>	an age
Oct 21 19:47:16 *	KiwiScout looks at petite
Oct 21 19:47:17 <\\\\\\\\\\\\\\\\\\hotshot>	hi
Oct 21 19:47:19 *	KiwiScout looks at petite
Oct 21 19:47:20 *	hotshot angry at you kiwiscout me angry
Oct 21 19:47:23 <dp_Justineric>	i m 15
Oct 21 19:47:26 <dp_Justineric>	eric
Oct 21 19:47:26 *	\\\\\\\\\\\\\\\\\\hotshot is sad
Oct 21 19:47:26 <Chat_Guest_31220>	Hai
Oct 21 19:47:29 <JATENG_SITASI_Adithya>	petite
Oct 21 19:47:29 <Chat_Guest_31220>	Dm me
Oct 21 19:47:32 *	\\\\\\\\\\\\\\\\\\hotshot is sad
Oct 21 19:47:35 *	Mason is confused on who is the real hotshot.
Oct 21 19:47:36 *	HungryPirahanas angry at hotshot 4 stealing my name
Oct 21 19:47:37 *	Darkestlordiablo has quit (Quit: Leaving)
Oct 21 19:47:38 *	KiwiScout tells everyone to come at me
Oct 21 19:47:41 *	hamzul has quit (Ping timeout: 241 seconds)
Oct 21 19:47:43 *	Chat_Guest_88407 has quit (Quit: ScoutLink Webchat - https://webchat.scoutlink.net)
Oct 21 19:47:46 *	hotshot angry at you kiwiscout me angry
Oct 21 19:47:46 *	Gus_Islahudin_Garut (~androidirc@7544bc.69ccfa.7c7e01.002ab8) has joined
Oct 21 19:47:50 <JATENG_SITASI_Adithya>	im 17 , Asmara
Oct 21 19:47:52 *	\\\\\\\\\\\\\\\\\\hotshot is sad
Oct 21 19:47:52 *	HungryPirahanas dont like hotshot anymore
Oct 21 19:47:54 <dewecantika>	hi
Oct 21 19:47:54 <dewecantika>	hi
Oct 21 19:47:55 *	KiwiScout tells everyone to come at me
Oct 21 19:47:57 *	aorakiscouts22 (~aorakiscout@908543.871ae5.f62ed0.aee8b9) has joined
Oct 21 19:47:58 *	hotshot angry at you kiwiscout me angry
Oct 21 19:47:58 *	Mason loves the prank.
Oct 21 19:48:04 *	hotshot angry at you kiwiscout me angry
Oct 21 19:48:05 <dewecantika>	im from indonesia
Oct 21 19:48:05 *	KiwiScout looks at petite
Oct 21 19:48:10 *	Chat_Guest_102656 has quit (The TLS connection was non-properly terminated.)
Oct 21 19:48:10 *	INA_1303_G_DIYASRAKA has quit (The TLS connection was non-properly terminated.)
Oct 21 19:48:10 *	batam_iqbald has quit (The TLS connection was non-properly terminated.)
Oct 21 19:48:10 *	joss has quit (A TLS packet with unexpected length was received.)
Oct 21 19:48:10 *	alexander has quit (A TLS packet with unexpected length was received.)
Oct 21 19:48:10 *	Chat_Guest_69151 has quit (A TLS packet with unexpected length was received.)
Oct 21 19:48:10 *	Hitter has quit (A TLS packet with unexpected length was received.)
Oct 21 19:48:10 *	Breeann has quit (A TLS packet with unexpected length was received.)
Oct 21 19:48:10 *	Najmifs has quit (A TLS packet with unexpected length was received.)
Oct 21 19:48:10 *	KiwiScout looks at petite
Oct 21 19:48:12 *	hotshot angry at you kiwiscout me angry
Oct 21 19:48:13 *	dp_Justineric is angry at hotshot
Oct 21 19:48:14 <JOTI02>	who wants to chat with me?
Oct 21 19:48:15 *	aorakiscouts22 is now known as June
Oct 21 19:48:15 *	AnnisaAlfianti-Kal-Tim (~androidirc@5e3981.af37f9.0d6634.4f71ba) has joined
Oct 21 19:48:15 *	AnnisaAlfianti-Kal-Tim (~androidirc@5e3981.af37f9.0d6634.4f71ba) has left
Oct 21 19:48:15 <\\\\\\\\\\\\\\\\\\hotshot>	hiu
Oct 21 19:48:17 *	BongBong3949 wonders who is DarkLordiablo
Oct 21 19:48:17 *	KiwiScout looks at petite
Oct 21 19:48:19 <\\\\\\\\\\\\\\\\\\hotshot>	hi
Oct 21 19:48:20 *	Mason looks at kiwiscout.
Oct 21 19:48:26 <petite>	JATENG_SITASI_Adithya what?
Oct 21 19:48:29 *	hotshot angry at you kiwiscout me angry
Oct 21 19:48:31 *	KiwiScout looks at everyone
Oct 21 19:48:32 *	June (~aorakiscout@908543.871ae5.f62ed0.aee8b9) has left ("Leaving")
Oct 21 19:48:33 *	hotshot angry at you kiwiscout me angry
Oct 21 19:48:33 *	NZjono wonders why everyone is doing /me
Oct 21 19:48:35 *	\\\\\\\\\\\\\\\\\\hotshot looks at mason
Oct 21 19:48:35 <Chat_Guest_41323>	Hello
Oct 21 19:48:36 *	scoop thinks people should just talk out their feelings of anger
Oct 21 19:48:42 *	hotshot is now known as stephen
Oct 21 19:48:43 *	\\\\\\\\\\\\\\\\\\hotshot looks at mason
Oct 21 19:48:47 *	Arkan_SMKAs_Syuhada_Banten has quit (Connection closed)
Oct 21 19:48:48 <dp_Justineric>	lol all spamming
Oct 21 19:48:49 *	stephen is now known as fishy
Oct 21 19:48:49 <dp_Justineric>	hahaha
Oct 21 19:48:50 *	jellyqueen disagree
Oct 21 19:48:52 *	Darwin04609 (~Darwin-2@29646d.1f5542.ea040e.ec9870) has joined
Oct 21 19:48:54 *	INA_1303_T_Langgengriandita (~androidirc@7a3b4a.b95f59.bad355.61b7d7) has joined
Oct 21 19:48:58 *	Mason doesn't know who the real hotshot is.
Oct 21 19:49:01 *	HungryPirahanas has quit (Filtered: Offensive language. See https://scoutlink.net/rules before reconnecting.)
Oct 21 19:49:03 <jellyqueen>	we should punch our emotions out
Oct 21 19:49:07 *	sleephaven (~joti@29646d.b0b1b5.c9da02.5e624c) has joined
Oct 21 19:49:08 *	Mason has given up.
Oct 21 19:49:10 *	papayathepineapple disagrees with scoop
Oct 21 19:49:10 *	\\\\\\\\\\\\\\\\\\hotshot looks at jack
Oct 21 19:49:16 *	\\\\\\\\\\\\\\\\\\hotshot looks at mason
Oct 21 19:49:17 *	NZjono feels scared
Oct 21 19:49:17 *	HungryPirahanas (~aorakiscout@908543.871ae5.f62ed0.aee8b9) has joined
Oct 21 19:49:18 *	fishy angry at you kiwiscout me angry
Oct 21 19:49:19 <dp_Justineric>	ya
Oct 21 19:49:20 *	fishy angry at you kiwiscout me angry
Oct 21 19:49:23 *	Darwin4970 (~NTscouts-D@29646d.1f5542.ea040e.ec9870) has joined
Oct 21 19:49:31 <HungryPirahanas>	hi
Oct 21 19:49:31 *	KiwiScout looks at everyone
Oct 21 19:49:32 *	hamzul (~SilaTanyaJe@29646d.2afcdf.32c440.3a52a9) has joined
Oct 21 19:49:34 *	Mason laughs at NZJono.
Oct 21 19:49:34 *	KiwiScout looks at everyone agian
Oct 21 19:49:34 *	\\\\\\\\\\\\\\\\\\hotshot is now known as shark
Oct 21 19:49:36 <dewecantika>	hi
Oct 21 19:49:37 *	scoop starts a fight
Oct 21 19:49:37 <dewecantika>	hi
Oct 21 19:49:38 <shark>	hi
Oct 21 19:49:39 *	papayathepineapple thinks people should be angry
Oct 21 19:49:43 <PEPPER>	hi
Oct 21 19:49:46 <dp_Justineric>	baby shark
Oct 21 19:49:47 *	shark is sad
Oct 21 19:49:47 *	KiwiScout feels abused
Oct 21 19:49:48 *	petite agrees with papayathe pineapple
Oct 21 19:49:48 *	BongBong3949 looks at Mason
Oct 21 19:49:52 *	batam_Anya has quit (Quit: ScoutLink for Android!)
Oct 21 19:49:54 *	Mason tries to break up scoop's fight.
Oct 21 19:49:57 *	fishy is now known as i-hate-kiwi
Oct 21 19:49:58 *	KiwiScout is sad
Oct 21 19:50:00 *	HungryPirahanas is now known as pineapple
Oct 21 19:50:01 <i-hate-kiwi>	he
Oct 21 19:50:01 <ChristianDenSeje-ESB>	Add me, I wanna talk to someone.
Oct 21 19:50:01 <JOTI02>	whats your JID?
Oct 21 19:50:06 *	petite sorry
Oct 21 19:50:08 *	shark says hi and looks at mason
Oct 21 19:50:09 *	NZjono think mason is bullying
Oct 21 19:50:10 *	KiwiScout feels abused
Oct 21 19:50:11 *	KiwiScout feels abused
Oct 21 19:50:12 *	Mason likes kiwiscout.
Oct 21 19:50:12 *	papayathepineapple fights scoop
Oct 21 19:50:12 *	i-hate-kiwi scout
Oct 21 19:50:14 *	KiwiScout is sad
Oct 21 19:50:15 *	dewecantika has quit (Connection closed)
Oct 21 19:50:16 *	aorakiscout35 (~aorakiscout@908543.871ae5.f62ed0.aee8b9) has joined
Oct 21 19:50:17 *	aorakiscout35 (~aorakiscout@908543.871ae5.f62ed0.aee8b9) has left
Oct 21 19:50:18 *	DragonBurrito (DragonBurri@29646d.63e783.fe3861.e437b0) has joined
Oct 21 19:50:24 *	shark says hi and looks at mason
Oct 21 19:50:25 *	jellyqueen starts another fight
Oct 21 19:50:26 *	Mason pats kiwiscout on the back.
Oct 21 19:50:27 *	FadhalfinM (FadhalfinM@21214b.94216b.f9549c.f8d76b) has joined
Oct 21 19:50:31 <JOTI02>	:)
Oct 21 19:50:34 *	Darwin0460 has quit (Ping timeout: 241 seconds)
Oct 21 19:50:35 *	claudia-LIT (~joti@ScoutLink-3f204968.optusnet.com.au) has joined
Oct 21 19:50:35 *	shark says hi and looks at mason
Oct 21 19:50:36 *	i-hate-kiwi scout
Oct 21 19:50:39 <dp_Justineric>	lol
Oct 21 19:50:40 *	KiwiScout thanks mason
Oct 21 19:50:44 *	pineapple helps jelly queen
Oct 21 19:50:44 *	papayathepineapple fights jellyqueen
Oct 21 19:50:44 *	scoop ends up dead
Oct 21 19:50:49 *	PEPPER dies
Oct 21 19:50:49 <Darklordiablo>	I think the girls by the kitchen should stop starting fights
Oct 21 19:50:50 <petite>	jellyqueen with who?
Oct 21 19:50:51 *	BongBong3949 feels left out
Oct 21 19:50:53 *	BB-8 doesnt like bonbong3949
Oct 21 19:50:53 *	jellyqueen wins
Oct 21 19:50:55 *	ellinamandarin (~ellina_T_13@7a3b4a.b95f59.79ab60.0a3fb1) has joined
Oct 21 19:50:55 *	papayathepineapple cheers
Oct 21 19:50:58 *	ToTe_Scout_Raf has quit (Client exited)
Oct 21 19:50:58 <atul>	hiiiiii
Oct 21 19:51:01 *	Mason looks at jellyqueen
Oct 21 19:51:04 *	shark is now known as oghotshot
Oct 21 19:51:06 <oghotshot>	hi
Oct 21 19:51:07 *	jellyqueen everyone
Oct 21 19:51:09 *	KiwiScout agrees with darklordiablo
Oct 21 19:51:11 <FadhalfinM>	Hallo
Oct 21 19:51:11 *	maya (~SLAndroid@7544bc.69ccfa.ca9bac.0eae24) has left (Idle more than 15 minutes.)
Oct 21 19:51:11 *	salt (~aorakiscout@908543.871ae5.f62ed0.aee8b9) has left (Idle more than 15 minutes.)
Oct 21 19:51:11 *	Chat_Guest_41323 has quit (Quit: ScoutLink Webchat - https://webchat.scoutlink.net)
Oct 21 19:51:15 *	Darwin100 has quit (Ping timeout: 241 seconds)
Oct 21 19:51:18 <atul>	is there anyone from USA??
Oct 21 19:51:19 *	Darwin490 has quit (Ping timeout: 241 seconds)
Oct 21 19:51:20 *	NZjono think fights are bad for the human race
Oct 21 19:51:22 *	oghotshot says hi and looks at mason
Oct 21 19:51:23 <petite>	jellyqueen sad
Oct 21 19:51:27 *	Mason likes a good fight
Oct 21 19:51:28 *	jellyqueen disagrees
Oct 21 19:51:28 *	pineapple thinks BongBong should then join in if he feels left out
Oct 21 19:51:30 *	KiwiScout dosent like anyone but mason
Oct 21 19:51:31 *	DragonBurrito has quit (Quit: ScoutLink Webchat - https://webchat.scoutlink.net)
Oct 21 19:51:32 <ellinamandarin>	hello
Oct 21 19:51:34 *	Ersa011 (~androidirc@7544bc.69ccfa.fae41c.1a3420) has joined
Oct 21 19:51:34 *	Ersa011 (~androidirc@7544bc.69ccfa.fae41c.1a3420) has left
Oct 21 19:51:36 *	jellyqueen enjoys fighting
Oct 21 19:51:38 *	papayathepineapple fights mason
Oct 21 19:51:39 *	KiwiScout and mason is just barley there
Oct 21 19:51:41 *	oghotshot agrees
Oct 21 19:51:42 *	i-hate-kiwi is now known as hotshot
Oct 21 19:51:44 *	Mason finally has a friend!@
Oct 21 19:51:44 *	adicahya-pramukasmpnbdg (~adicahyapra@246b54.a4090b.1e9e59.e3d5db) has joined
Oct 21 19:51:44 *	alexander (alexander@ScoutLink-5a07fe26.29.pldt.net) has joined
Oct 21 19:51:45 *	hotshot angry at you kiwiscout me angry
Oct 21 19:51:52 *	hotshot angry at you kiwiscout me angry
Oct 21 19:51:53 *	alexander has quit (Quit: ScoutLink Webchat - https://webchat.scoutlink.net)
Oct 21 19:51:59 *	pineapple thinks mason has a admierer
Oct 21 19:51:59 <BB-8>	wqhy are we claping?\
Oct 21 19:52:02 <jellyqueen>	congrats mason
Oct 21 19:52:03 *	KiwiScout tells everyone to clap for ice cream sundays
Oct 21 19:52:06 <BB-8>	blahhh
Oct 21 19:52:06 *	oghotshot is better than hotshot
Oct 21 19:52:10 <hotshot>	/me angry at you kiwiscout me angry
Oct 21 19:52:12 *	matilda (~joti@ScoutLink-3f204968.optusnet.com.au) has joined
Oct 21 19:52:12 *	matilda (~joti@ScoutLink-3f204968.optusnet.com.au) has left
Oct 21 19:52:14 <Darklordiablo>	*ahem*
Oct 21 19:52:15 <BB-8>	clap
Oct 21 19:52:22 *	oghotshot is better than hotshot
Oct 21 19:52:24 <Darklordiablo>	Claws incoming..
Oct 21 19:52:24 <hotshot>	clap
Oct 21 19:52:26 *	jn (~mdgtv@29646d.3a7e2c.259751.6ae719) has joined
Oct 21 19:52:29 *	Claws (~SL-IRCOp@ircop.scoutlink.net) has joined
Oct 21 19:52:32 <hotshot>	clap
Oct 21 19:52:32 <Claws>	!op
Oct 21 19:52:33 *	ChanServ gives channel operator status to Claws
Oct 21 19:52:33 <Darklordiablo>	Beware
Oct 21 19:52:35 *	KiwiScout tells everyone to clap for pizza
Oct 21 19:52:35 *	NZjono thinks kiwiscout's knowledge has increased
Oct 21 19:52:39 *	BB-8 yells RUN!!!
Oct 21 19:52:40 *	aorakiscout33 (~aorakiscout@908543.871ae5.f62ed0.aee8b9) has joined
Oct 21 19:52:40 *	hotshot is now known as clap
Oct 21 19:52:41 *	oghotshot is better than hotshot
Oct 21 19:52:41 *	JOTI02 (~JOTILiveCD@29646d.f21c8a.548511.a2f066) has left ("Leaving")
Oct 21 19:52:42 *	adicahya-pramukasmpnbdg has quit (Connection closed)
Oct 21 19:52:42 *	Guest55997 has quit (Connection closed)
Oct 21 19:52:42 *	FadhalfinM has quit (Connection closed)
Oct 21 19:52:43 *	atul has quit (Error in the push function.)
Oct 21 19:52:43 *	Chat_Guest_90466 has quit (Error in the push function.)
Oct 21 19:52:43 *	dp_Justineric has quit (Error in the push function.)
Oct 21 19:52:43 *	Chat_Guest_31220 has quit (Error in the push function.)
Oct 21 19:52:43 *	ex-rover has quit (Error in the push function.)
Oct 21 19:52:43 *	Chat_Guest_42931 has quit (Error in the push function.)
Oct 21 19:52:43 *	Zoe_and_Lucie has quit (Error in the push function.)
Oct 21 19:52:43 *	lucie has quit (Error in the push function.)
Oct 21 19:52:44 *	Mason notices claws has arrived.
Oct 21 19:52:47 *	pineapple has been told we are not allowed to say fight or bad language it can get us kicked
Oct 21 19:52:47 *	ellinamandarin has quit (Connection closed)
Oct 21 19:52:48 *	oghotshot is better than hotshot
Oct 21 19:52:50 *	jellyqueen is tired of clapping
Oct 21 19:52:55 *	dhiemas (~SLAndroid@7544bc.69ccfa.fa3888.af5294) has joined
Oct 21 19:52:55 *	dhiemas (~SLAndroid@7544bc.69ccfa.fa3888.af5294) has left
Oct 21 19:52:56 <scoop>	oh no not the big bad claws
Oct 21 19:52:57 *	BB-8 is scared of claws
Oct 21 19:52:58 *	aorakiscout33 is now known as Squadfam_Slam
Oct 21 19:52:58 *	papayathepineapple agrees with pineapple
Oct 21 19:52:59 *	edinscoutXP2 (~jamboree@29646d.1f5542.ba908e.7b8775) has joined
Oct 21 19:53:01 <petite>	haha
Oct 21 19:53:09 *	matilda (~joti@ScoutLink-3f204968.optusnet.com.au) has joined
Oct 21 19:53:09 *	matilda (~joti@ScoutLink-3f204968.optusnet.com.au) has left
Oct 21 19:53:09 *	claudia-LIT is now known as girlguide
Oct 21 19:53:10 *	KiwiScout tells people to be careful as claws has entered the room
Oct 21 19:53:11 *	oghotshot is better than hotshot
Oct 21 19:53:12 <clap>	clap
Oct 21 19:53:13 *	Mason tells scoop not to mess with claws.
Oct 21 19:53:16 <tonks>	anyone want to chat?
Oct 21 19:53:18 *	matilda (~joti@ScoutLink-3f204968.optusnet.com.au) has joined
Oct 21 19:53:18 *	matilda (~joti@ScoutLink-3f204968.optusnet.com.au) has left
Oct 21 19:53:18 <Squadfam_Slam>	guess who's back
Oct 21 19:53:20 *	matilda (~joti@ScoutLink-3f204968.optusnet.com.au) has joined
Oct 21 19:53:20 *	matilda (~joti@ScoutLink-3f204968.optusnet.com.au) has left
Oct 21 19:53:23 *	matilda (~joti@ScoutLink-3f204968.optusnet.com.au) has joined
Oct 21 19:53:23 <clap>	CLAP
Oct 21 19:53:23 *	matilda (~joti@ScoutLink-3f204968.optusnet.com.au) has left
Oct 21 19:53:27 <BB-8>	hi claws
Oct 21 19:53:27 *	matilda (~joti@ScoutLink-3f204968.optusnet.com.au) has joined
Oct 21 19:53:28 *	matilda (~joti@ScoutLink-3f204968.optusnet.com.au) has left
Oct 21 19:53:28 *	KiwiScout dont mess with claws
Oct 21 19:53:29 *	matilda (~joti@ScoutLink-3f204968.optusnet.com.au) has joined
Oct 21 19:53:29 *	matilda (~joti@ScoutLink-3f204968.optusnet.com.au) has left
Oct 21 19:53:30 *	Adam_MHK (~Adam@4a9cff.798e2d.745939.3f3b57) has joined
Oct 21 19:53:35 *	matilda (~joti@ScoutLink-3f204968.optusnet.com.au) has joined
Oct 21 19:53:35 *	matilda (~joti@ScoutLink-3f204968.optusnet.com.au) has left
Oct 21 19:53:38 <oghotshot>	dont mess with claws
Oct 21 19:53:39 *	KiwiScout he could get the entire camp kicked off
Oct 21 19:53:39 <Squadfam_Slam>	back again
Oct 21 19:53:40 *	pineapple thinks claws will kick u
Oct 21 19:53:40 *	BongBong3949 tells everyone to be good in front of claws
Oct 21 19:53:46 *	aorakiscout10 (~aorakiscout@908543.871ae5.f62ed0.aee8b9) has joined
Oct 21 19:53:47 <jn>	i am from perth
Oct 21 19:53:48 *	oghotshot is better than hotshot
Oct 21 19:53:51 *	NZjono scared
Oct 21 19:53:55 *	Mason is concerned about getting banned.
Oct 21 19:53:57 *	scoop decides to not mess with claws
Oct 21 19:54:02 <oghotshot>	no not claws
Oct 21 19:54:04 <clap>	 CLAP CLAP EVERYONE
Oct 21 19:54:05 <Squadfam_Slam>	Sammie's back
Oct 21 19:54:05 *	BB-8 is going to do somthing
Oct 21 19:54:06 *	Doritos (~lptpi@908543.871ae5.f62ed0.aee8b9) has joined
Oct 21 19:54:07 *	Mason agrees with scoop.
Oct 21 19:54:07 *	lego_lessleon (~pi@29646d.63e783.fe3861.d07c45) has joined
Oct 21 19:54:08 <oghotshot>	no not claws
Oct 21 19:54:09 <Adam_MHK>	Hi , can you personal chat me?
Oct 21 19:54:09 *	jellyqueen agrees with scoop
Oct 21 19:54:11 *	patate (~patate@user.scoutlink.net) has joined
Oct 21 19:54:14 *	KiwiScout thinks people should be nice to KiwiScout
Oct 21 19:54:15 <oghotshot>	no not claws
Oct 21 19:54:16 <BB-8>	CLAP
Oct 21 19:54:17 *	noerzizah31 (~SLAndroid@21214b.2ef546.63d588.121c77) has joined
Oct 21 19:54:18 <Squadfam_Slam>	tell a friend
Oct 21 19:54:19 *	jri (~SLAndroid@7a3b4a.b95f59.eec7f7.7d8368) has joined
Oct 21 19:54:20 <BB-8>	clap
Oct 21 19:54:21 *	patate (~patate@user.scoutlink.net) has left
Oct 21 19:54:21 *	NZjono laughs
Oct 21 19:54:23 *	INA_1303_T_Langgengriandita has quit (Connection closed)
Oct 21 19:54:24 *	BongBong3949 agrees with scoop
Oct 21 19:54:24 *	pineapple thinks claws is dangerous
Oct 21 19:54:25 *	Gus_Islahudin_Garut has quit (Connection closed)
Oct 21 19:54:25 *	KiwiScout thinks people should be nice to KiwiScout
Oct 21 19:54:26 *	matilda (~joti@ScoutLink-3f204968.optusnet.com.au) has joined
Oct 21 19:54:26 *	KiwiScout thinks people should be nice to KiwiScout
Oct 21 19:54:26 *	matilda (~joti@ScoutLink-3f204968.optusnet.com.au) has left
Oct 21 19:54:28 <oghotshot>	clap
Oct 21 19:54:28 *	Puput11 has quit (Connection closed)
Oct 21 19:54:30 <BB-8>	stand and clap
Oct 21 19:54:32 <noerzizah31>	hallo ka
Oct 21 19:54:32 <jri>	hi
Oct 21 19:54:35 <Darklordiablo>	*AHEM*
Oct 21 19:54:35 *	lego_lessleon has quit (Quit: Leaving)
Oct 21 19:54:37 <JOTI05>	hay any one want to talk in privite
Oct 21 19:54:40 <oghotshot>	everyone clap
Oct 21 19:54:40 *	pineapple thinks noone should b nice to kiwiscout
Oct 21 19:54:41 <Darklordiablo>	ALL HANDS ABOARD BOYS
Oct 21 19:54:42 *	jellyqueen is too tired
Oct 21 19:54:44 *	amaliaa_kwarcabkebumen has quit (Connection closed)
Oct 21 19:54:46 <oghotshot>	everyone clap
Oct 21 19:54:48 *	Claws asks everyone not to type in all caps - this is considered shouting and is rude.
Oct 21 19:54:49 *	Mason  hi
Oct 21 19:54:49 *	matilda (~joti@ScoutLink-3f204968.optusnet.com.au) has joined
Oct 21 19:54:49 *	matilda (~joti@ScoutLink-3f204968.optusnet.com.au) has left
Oct 21 19:54:51 *	NZjono thinks claps will damage brain cells
Oct 21 19:54:51 <Squadfam_Slam>	no thanks
Oct 21 19:54:53 *	ha3zul has quit (Ping timeout: 241 seconds)
Oct 21 19:54:53 <clap>	 CLAP CLAP CLAP EVERYONE PLZ
Oct 21 19:54:59 *	BB-8 stand up and clap
Oct 21 19:55:05 <oghotshot>	everyone clap for food
Oct 21 19:55:08 *	KiwiScout thinks people should be nice to KiwiScout BongBong petite mason hotshot
Oct 21 19:55:09 <PEPPER>	no
Oct 21 19:55:14 <oghotshot>	everyone clap for food
Oct 21 19:55:16 *	Mason tells clap to stop.
Oct 21 19:55:17 *	jellyqueen says to stop singing
Oct 21 19:55:18 *	petite hates Darklordiablo
Oct 21 19:55:19 *	BlueDiamond_2 (~SLAndroid@ScoutLink-fa2f1034.three.co.id) has joined
Oct 21 19:55:21 *	pineapple thinkls kiwiscout tells lies
Oct 21 19:55:22 <oghotshot>	everyone clap for food
Oct 21 19:55:23 <clap>	CLAP CLAP CLAP EVERYONE PLZ
Oct 21 19:55:30 <jellyqueen>	no
Oct 21 19:55:32 *	NZjono order every to refuse
Oct 21 19:55:33 *	BB-8 says clap
Oct 21 19:55:34 <oghotshot>	everyone clap for food
Oct 21 19:55:34 *	matilda (~joti@ScoutLink-3f204968.optusnet.com.au) has joined
Oct 21 19:55:35 <PEPPER>	no
Oct 21 19:55:35 *	aorakiscouts22 (~aorakiscout@908543.871ae5.f62ed0.aee8b9) has joined
Oct 21 19:55:49 *	BB-8 says clp for food
Oct 21 19:55:49 *	aorakiscouts22 is now known as joy
Oct 21 19:55:50 *	NZjono order people to refuse
Oct 21 19:55:52 *	Darwin497 has quit (Ping timeout: 241 seconds)
Oct 21 19:55:52 *	Mason thinks kiwiscout isn't a liar.
Oct 21 19:55:52 <BlueDiamond_2>	ahoy
Oct 21 19:55:57 <oghotshot>	everyone clap for food
Oct 21 19:55:58 *	papayathepineapple says keep singing
Oct 21 19:55:58 *	petite agrees with KiwiScout
Oct 21 19:55:59 <joy>	hi
Oct 21 19:56:00 <edinscoutXP2>	does anyone want to chat
Oct 21 19:56:01 <Squadfam_Slam>	When it all began, I was a Kea Scout
Oct 21 19:56:03 *	Claws says HANDS ON HEADS
Oct 21 19:56:04 <clap>	 CLAP CLAP CLAP
Oct 21 19:56:08 <PEPPER>	no
Oct 21 19:56:09 *	matilda (~joti@ScoutLink-3f204968.optusnet.com.au) has left ("Leaving")
Oct 21 19:56:11 *	amira (~androidirc@5e3981.c2bfec.792897.5d342c) has left (Idle more than 15 minutes.)
Oct 21 19:56:11 *	BongBong3949 (~aorakiscout@908543.871ae5.f62ed0.aee8b9) has left (Idle more than 15 minutes.)
Oct 21 19:56:11 *	kamelia_izmi (~androidirc@4a9cff.798e2d.fcdfd4.1d83c6) has left (Idle more than 15 minutes.)
Oct 21 19:56:11 *	RajaNurulfd (~androidirc@ea9374.823fe2.efe5be.0f70b4) has left (Idle more than 15 minutes.)
Oct 21 19:56:11 *	KiwiScout (~aorakiscout@908543.871ae5.f62ed0.aee8b9) has left (Idle more than 15 minutes.)
Oct 21 19:56:11 *	KSKMajalengka_Yuli (~androirc@4a9cff.798e2d.bb5aaa.a540d9) has left (Idle more than 15 minutes.)
Oct 21 19:56:11 *	Mason (~aorakiscout@908543.871ae5.f62ed0.aee8b9) has left (Idle more than 15 minutes.)
Oct 21 19:56:11 *	KSKMajalengka_AjiFaozan (~androirc@4a9cff.798e2d.ebbc3e.5ec31b) has left (Idle more than 15 minutes.)
Oct 21 19:56:14 *	ALVINWJS (~androidirc@4a9cff.798e2d.88241b.c507b3) has joined
Oct 21 19:56:20 *	girlguide (~joti@ScoutLink-3f204968.optusnet.com.au) has left ("Leaving")
Oct 21 19:56:21 <clap>	CLAP CLAP CLAP EVERYONE PLZ
Oct 21 19:56:24 *	yuli_yanti (~androidirc@5e3981.085fb6.1fafa9.ef8d6f) has joined
Oct 21 19:56:25 *	Tshepo02 (~SLAndroid@497ef5.063d23.295f47.5f1afd) has joined
Oct 21 19:56:29 *	NZjono  thinks we are play claw's says
Oct 21 19:56:30 *	sarah_garut_jabar (~androidirc@4a9cff.798e2d.556ee2.34136e) has joined
Oct 21 19:56:39 <clap>	CLAP CLAP CLAP EVERYONE PLZ
Oct 21 19:56:44 *	BB-8 wonders how do you chang colours
Oct 21 19:56:44 <ALVINWJS>	can you give me jid?
Oct 21 19:56:45 *	TheNuttyMemer (TheNuttyMem@8ba7b7.35c810.b915da.6f1afb) has joined
Oct 21 19:56:45 *	om5-4704-5 (om547045@a3f0a1.9fb1c9.e37e0b.265e18) has joined
Oct 21 19:56:45 <clap>	CLAP CLAP CLAP EVERYONE PLZ
Oct 21 19:56:45 *	oghotshot think we should clap
Oct 21 19:56:47 *	BlueDiamond_2 (~SLAndroid@ScoutLink-fa2f1034.three.co.id) has left
Oct 21 19:56:48 *	Zoe_and_Lucie (ZoeandLucie@ScoutLink-e2da9341.qcs.co.nz) has joined
Oct 21 19:56:49 *	Zoe_and_Lucie (ZoeandLucie@ScoutLink-e2da9341.qcs.co.nz) has left
Oct 21 19:56:51 *	Fox (~Fox@coord.scoutlink.net) has left
Oct 21 19:56:52 *	montoni (~webchat@ScoutLink-dd683b46.com.au) has joined
Oct 21 19:56:54 *	oghotshot think we should clap
Oct 21 19:56:59 *	Chat_Guest_42157 (totescout@ScoutLink-2d1bc0aa.tm.net.my) has joined
Oct 21 19:56:59 *	Chat_Guest_38132 (EShello@7729ac.1f587c.51c72f.b5a1a4) has joined
Oct 21 19:56:59 *	BB-8 says clap
Oct 21 19:57:01 <montoni>	hi
Oct 21 19:57:02 <Chat_Guest_42157>	hy
Oct 21 19:57:06 <clap>	CLAP CLAP CLAP EVERYONE PLZ
Oct 21 19:57:09 <clap>	CLAP CLAP CLAP EVERYONE PLZ
Oct 21 19:57:11 <NZjono>	no
Oct 21 19:57:13 *	Mason (~aorakiscout@908543.871ae5.f62ed0.aee8b9) has joined
Oct 21 19:57:15 <rail110>	.
Oct 21 19:57:19 *	BB-8 thinks we should clap
Oct 21 19:57:27 *	oghotshot think we should clap
Oct 21 19:57:29 *	Zoe_and_Lucie (ZoeandLucie@ScoutLink-e2da9341.qcs.co.nz) has joined
Oct 21 19:57:29 *	Zoe_and_Lucie (ZoeandLucie@ScoutLink-e2da9341.qcs.co.nz) has left
Oct 21 19:57:34 <montoni>	who wants to chat?
Oct 21 19:57:38 <Chat_Guest_38132>	lets clap
Oct 21 19:57:39 *	EShello (EShello@7729ac.1f587c.51c72f.b5a1a4) has joined
Oct 21 19:57:43 <BB-8>	he
Oct 21 19:57:47 <EShello>	hillo
Oct 21 19:57:51 *	TheNuttyMemer has quit (Quit: ScoutLink Webchat - https://webchat.scoutlink.net)
Oct 21 19:57:52 <yuli_yanti>	hii
Oct 21 19:57:52 *	Zoe_and_Lucie (ZoeandLucie@ScoutLink-e2da9341.qcs.co.nz) has joined
Oct 21 19:57:55 <Chat_Guest_38132>	memes
Oct 21 19:58:14 <EShello>	I am from egland
Oct 21 19:58:14 <BB-8>	lol
Oct 21 19:58:18 <montoni>	memes are great
Oct 21 19:58:21 *	oghotshot think we should clap\
Oct 21 19:58:23 *	Chat_Guest_38132 is now known as EShalo
Oct 21 19:58:26 *	om5-4704-5 has quit (Quit: ScoutLink Webchat - https://webchat.scoutlink.net)
Oct 21 19:58:27 *	Chat_Guest_17333 (dpaj@9439b6.32bbe5.41a32e.264562) has joined
Oct 21 19:58:27 *	Chat_Guest_27563 (swgg@ScoutLink-38f6204c.lnk.telstra.net) has joined
Oct 21 19:58:30 *	BB-8 claps
Oct 21 19:58:32 <edinscoutXP2>	trade JIDs on chat
Oct 21 19:58:32 *	alicescouts04 (~scout@ScoutLink-57913d5d.internode.on.net) has joined
Oct 21 19:58:32 *	Mason cheers for nick!
Oct 21 19:58:38 *	Camira19 (~Camira19@ScoutLink-9033f868.optusnet.com.au) has joined
Oct 21 19:58:38 *	Camira19 (~Camira19@ScoutLink-9033f868.optusnet.com.au) has left
Oct 21 19:58:40 *	hamzul has quit (Ping timeout: 241 seconds)
Oct 21 19:58:42 <ALVINWJS>	can you give me jid
Oct 21 19:58:45 *	KSKMajalengka_anggiGunawan (~anggigunawa@1f953e.963f2f.d6731c.0d4f0d) has joined
Oct 21 19:58:45 *	KSKMajalengka_anggiGunawan (~anggigunawa@1f953e.963f2f.d6731c.0d4f0d) has left
Oct 21 19:58:48 *	KSKMajalengka_anggiGunawan (~anggigunawa@1f953e.963f2f.d6731c.0d4f0d) has joined
Oct 21 19:58:48 *	alfatih2207 (alfatih2207@5e3981.4e8abe.ce9343.2109ca) has joined
Oct 21 19:58:48 *	Chat_Guest_18462 (CG7@70656e.cdc868.a2b7fc.4fd52a) has joined
Oct 21 19:58:48 *	KSKMajalengka_anggiGunawan (~anggigunawa@1f953e.963f2f.d6731c.0d4f0d) has left
Oct 21 19:58:59 *	girlguide (~joti@ScoutLink-3f204968.optusnet.com.au) has joined
Oct 21 19:59:08 *	Chat_Guest_18462 (CG7@70656e.cdc868.a2b7fc.4fd52a) has left
Oct 21 19:59:10 *	alfatih2207 has quit (Quit: ScoutLink Webchat - https://webchat.scoutlink.net)
Oct 21 19:59:11 *	batam_iqbald (batamiqbald@1f953e.963f2f.671d80.24cf15) has joined
Oct 21 19:59:11 *	oghotshot think we should clap
Oct 21 19:59:12 *	NZjono has quit (Quit: Leaving)
Oct 21 19:59:12 *	H (H@ScoutLink-4f985f85.optusnet.com.au) has joined
Oct 21 19:59:13 *	rail110 (rail110@ScoutLink-0ce3c298.sco.cisco.com) has left
Oct 21 19:59:13 *	thewallweneedtobuild (thewallwene@8ba7b7.35c810.b915da.6f1afb) has joined
Oct 21 19:59:15 *	aorakiscout10 has quit (Quit: Leaving)
Oct 21 19:59:16 *	Mason has quit (Quit: Leaving)
Oct 21 19:59:16 *	S15_Intan (~androidirc@7544bc.69ccfa.6dde60.10f323) has joined
Oct 21 19:59:16 *	daffa (~SLAndroid@597b71.fbcd29.abe1f2.0b1d71) has joined
Oct 21 19:59:18 *	hamzul (~SilaTanyaJe@29646d.2afcdf.32c440.3a52a9) has joined
Oct 21 19:59:18 *	daffa has quit (Connection closed)
Oct 21 19:59:19 *	oghotshot think we should clap
Oct 21 19:59:22 *	pineapple has quit (Quit: Leaving)
Oct 21 19:59:23 *	Chat_Guest_49020 (CG7@70656e.cdc868.a2b7fc.4fd52a) has joined
Oct 21 19:59:27 *	Rizqon_25 (~androidirc@1f953e.963f2f.651d45.a3a3b4) has joined
Oct 21 19:59:28 <batam_iqbald>	hi
Oct 21 19:59:32 <thewallweneedtobuild>	private chat anyone
Oct 21 19:59:32 *	papayathepineapple has quit (Quit: Leaving)
Oct 21 19:59:33 <S15_Intan>	hello
Oct 21 19:59:33 *	Mila (~Mila@1bb375.4efb35.cc7bcb.a94c9f) has joined
Oct 21 19:59:41 <jellyqueen>	hi
Oct 21 19:59:41 *	oghotshot think we should clap
Oct 21 19:59:41 <batam_iqbald>	chat me,please
Oct 21 19:59:44 *	tote_scout_feb (totescoutfe@ScoutLink-2d1bc0aa.tm.net.my) has joined
Oct 21 19:59:44 <EShello>	me
Oct 21 19:59:45 *	salsabila02 (~SLAndroid@7544bc.69ccfa.5e53e9.cd540d) has joined
Oct 21 19:59:45 *	joy has quit (Quit: Leaving)
Oct 21 19:59:45 <Squadfam_Slam>	back to it lads and lasses
Oct 21 19:59:46 *	tote_scout_feb has quit (Quit: ScoutLink Webchat - https://webchat.scoutlink.net)
Oct 21 19:59:48 *	hamzul has quit (Connection closed)
Oct 21 19:59:49 *	jellyqueen (~aorakiscout@908543.871ae5.f62ed0.aee8b9) has left ("Leaving")
Oct 21 19:59:51 *	S15_Intan has quit (Connection closed)
Oct 21 19:59:51 <salsabila02>	hii
Oct 21 19:59:51 *	sityfebrianmp (~androidirc@21214b.94216b.dae618.885b52) has joined
Oct 21 19:59:51 *	oghotshot think we should clap for food
Oct 21 19:59:52 *	tote_scout_udingjustan (totescoutud@ScoutLink-2d1bc0aa.tm.net.my) has joined
Oct 21 19:59:52 *	jri (~SLAndroid@7a3b4a.b95f59.eec7f7.7d8368) has left
Oct 21 19:59:53 *	UNICORN (UNICORN@ScoutLink-7a284c3d.range86-155.btcentralplus.com) has joined
Oct 21 19:59:53 *	oghotshot think we should clap for food
Oct 21 19:59:56 *	ExeterScouts02 (~ExeterScout@ScoutLink-aeae0d30.plus.com) has joined
Oct 21 20:00:01 *	Chat_Guest_49020 (CG7@70656e.cdc868.a2b7fc.4fd52a) has left
Oct 21 20:00:02 *	Yuds (Yuds@5e3981.4e8abe.df2452.e00539) has joined
Oct 21 20:00:05 <EShalo>	hello
Oct 21 20:00:06 *	Chat_Guest_42157 (totescout@ScoutLink-2d1bc0aa.tm.net.my) has left
Oct 21 20:00:08 *	S15_Intan (~androidirc@7544bc.69ccfa.6dde60.10f323) has joined
Oct 21 20:00:11 *	batam_ajis (batamajis@1f953e.963f2f.671d80.24cf15) has joined
Oct 21 20:00:12 <sityfebrianmp>	hello
Oct 21 20:00:12 <H>	hi
Oct 21 20:00:14 *	hamzul (~SilaTanyaJe@29646d.2afcdf.32c440.3a52a9) has joined
Oct 21 20:00:14 *	Zoe_and_Lucie has quit (Quit: ScoutLink Webchat - https://webchat.scoutlink.net)
Oct 21 20:00:17 <batam_ajis>	hi
Oct 21 20:00:19 *	oghotshot think we should clap for food
Oct 21 20:00:22 *	girlguide is now known as meeeeee
Oct 21 20:00:23 *	Chat_Guest_27563 has quit (Quit: ScoutLink Webchat - https://webchat.scoutlink.net)
Oct 21 20:00:24 *	dbnairscouts4 (dbnairscout@a1d45c.d62fba.c00992.3f859c) has joined
Oct 21 20:00:24 *	BongBong3949 (~aorakiscout@908543.871ae5.f62ed0.aee8b9) has joined
Oct 21 20:00:27 *	BongBong3949 thinks that we should get a chat
Oct 21 20:00:27 *	scoop has quit (Quit: Leaving)
Oct 21 20:00:28 *	dbnairscouts4 has quit (Quit: ScoutLink Webchat - https://webchat.scoutlink.net)
Oct 21 20:00:28 *	petite has quit (Quit: Leaving)
Oct 21 20:00:29 *	catha (catha@707148.26f242.c3581d.f02ad1) has joined
Oct 21 20:00:29 <Chat_Guest_17333>	JID?
Oct 21 20:00:31 *	fabai (fabai@79bb71.18284d.b69bbe.6efabe) has joined
Oct 21 20:00:32 *	UNICORN is now known as TTT
Oct 21 20:00:33 *	Squadfam_Slam has quit (Quit: Leaving)
Oct 21 20:00:33 *	knajmud (knajmud@470eaf.789d61.1cebad.4e0d62) has joined
Oct 21 20:00:35 *	JATENG_SITASI_FeryAdwarsyah has quit (Ping timeout: 241 seconds)
Oct 21 20:00:36 <alicescouts04>	Hi what is your name
Oct 21 20:00:38 *	Chat_Guest_64939 (CG7@70656e.cdc868.a2b7fc.4fd52a) has joined
Oct 21 20:00:38 *	Guest8789 (Guest8789@7544bc.69ccfa.18d498.ba6982) has joined
Oct 21 20:00:40 <TTT>	HI
Oct 21 20:00:41 *	Mila is now known as Guest580
Oct 21 20:00:42 *	oghotshot think we should clap for food
Oct 21 20:00:46 *	KiwiScout (~aorakiscout@908543.871ae5.f62ed0.aee8b9) has joined
Oct 21 20:00:49 *	BB-8 has quit (Quit: Leaving)
Oct 21 20:00:53 *	oghotshot think we should clap for food
Oct 21 20:00:57 *	KiwiScout tells people that after dessert to go to nick to make a closed group
Oct 21 20:01:00 <EShalo>	rip bb8
Oct 21 20:01:02 *	Camira09 (~Camira09@ScoutLink-9033f868.optusnet.com.au) has joined
Oct 21 20:01:03 *	Guest8789 has quit (Quit: ScoutLink Webchat - https://webchat.scoutlink.net)
Oct 21 20:01:05 <sityfebrianmp>	my namae is sity
Oct 21 20:01:09 *	KiwiScout has quit (Quit: Leaving)
Oct 21 20:01:10 *	cne_mirtilas (cne_mirtila@ScoutLink-64ef205a.cpe.netcabo.pt) has joined
Oct 21 20:01:10 <Camira09>	somone from england chat
Oct 21 20:01:10 <TTT>	HI
Oct 21 20:01:11 *	Ntb_MuhamadHairi (~androidirc@4a9cff.798e2d.a458f6.98a249) has left (Idle more than 15 minutes.)
Oct 21 20:01:11 *	JATENG_SITASI_BikhariHakim (~androidirc@7a3b4a.b95f59.68a7f2.b29428) has left (Idle more than 15 minutes.)
Oct 21 20:01:11 *	BongBong3949 has quit (Quit: Leaving)
Oct 21 20:01:11 *	meeeeee is now known as cowsarereal
Oct 21 20:01:12 *	tote_scout_udingjustan has quit (Quit: ScoutLink Webchat - https://webchat.scoutlink.net)
Oct 21 20:01:14 <batam_ajis>	pc pleas
Oct 21 20:01:14 *	PEPPER has quit (Quit: Leaving)
Oct 21 20:01:16 *	oghotshot has quit (Quit: Leaving)
Oct 21 20:01:22 <batam_ajis>	some
Oct 21 20:01:30 *	Chat_Guest_93618 (Liddelow2@ScoutLink-6f355f24.bigpond.net.au) has joined
Oct 21 20:01:31 *	Yuds has quit (Quit: ScoutLink Webchat - https://webchat.scoutlink.net)
Oct 21 20:01:32 *	CG6 (CG6@70656e.cdc868.a2b7fc.4fd52a) has joined
Oct 21 20:01:32 *	Exeter_Scouts_05 (~ExeterScout@70656e.bfae82.4b1252.755330) has joined
Oct 21 20:01:37 <CG6>	lol
Oct 21 20:01:40 <CG6>	banana
Oct 21 20:01:42 *	clap has quit (Quit: Leaving)
Oct 21 20:01:45 *	nrjnnh01_Kobar_Kalteng (~androidirc@5e3981.417eda.3dcdc8.0f5e09) has joined
Oct 21 20:01:46 <Chat_Guest_93618>	lolololololololol
Oct 21 20:01:53 <TTT>	YEAH
Oct 21 20:02:00 <alicescouts04>	our names are Briana and JJ
Oct 21 20:02:02 <TTT>	girls
Oct 21 20:02:07 *	dp_deking (dpdeking@9439b6.32bbe5.41a32e.264562) has joined
Oct 21 20:02:12 *	Doritos has quit (Quit: Leaving)
Oct 21 20:02:13 <dp_deking>	Hiii
Oct 21 20:02:18 *	Sean (Sean@ScoutLink-63cab0a0.singnet.com.sg) has joined
Oct 21 20:02:18 *	Dolphin (Dolphin@29646d.26b8bd.fc9064.9d8234) has joined
Oct 21 20:02:28 <batam_iqbald>	pc please
Oct 21 20:02:30 *	Claws has quit (Quit: )
Oct 21 20:02:40 <ALVINWJS>	can you give me jid
Oct 21 20:02:52 *	alpha (alpha@ScoutLink-eeb5adee.107.pldt.net) has joined
Oct 21 20:02:55 *	CG6 is now known as CG8
Oct 21 20:02:58 <yuli_yanti>	pc me
Oct 21 20:03:00 <alpha>	hi
Oct 21 20:03:01 *	bbbo_ (~webchat@ScoutLink-dd683b46.com.au) has joined
Oct 21 20:03:04 *	MtEvCu2 (~MtEvCub1@7a3b4a.6f27c4.6c38c1.00c3af) has joined
Oct 21 20:03:23 *	Claws (~SL-IRCOp@ircop.scoutlink.net) has joined
Oct 21 20:03:25 <Claws>	!op
Oct 21 20:03:25 *	ChanServ gives channel operator status to Claws
Oct 21 20:03:30 *	Zoe_and_Lucie (ZoeandLucie@ScoutLink-498fc999.vf.net.nz) has joined
Oct 21 20:03:30 *	Zoe_and_Lucie (ZoeandLucie@ScoutLink-498fc999.vf.net.nz) has left
Oct 21 20:03:36 <alpha>	hey you whats up in the air
Oct 21 20:03:38 <ExeterScouts02>	hello
Oct 21 20:03:40 *	Sean has quit (Quit: ScoutLink Webchat - https://webchat.scoutlink.net)
Oct 21 20:03:42 *	Dolphin has quit (Quit: ScoutLink Webchat - https://webchat.scoutlink.net)
Oct 21 20:03:43 *	Camira14 (~Camira14@ScoutLink-9033f868.optusnet.com.au) has joined
Oct 21 20:03:43 *	cne_mirtilas has quit (Quit: http://www.kiwiirc.com/ - A hand crafted IRC client)
Oct 21 20:03:44 <Exeter_Scouts_05>	hi
Oct 21 20:03:46 *	Camira09 (~Camira09@ScoutLink-9033f868.optusnet.com.au) has left
Oct 21 20:03:47 *	Diwakar (~androidirc@0db57202:10c26473:037adc28:f2e54685) has joined
Oct 21 20:03:48 <alpha>	lrirmfujrkj
Oct 21 20:03:48 *	alicescouts05 (~scout@ScoutLink-57913d5d.internode.on.net) has joined
Oct 21 20:03:48 *	alicescouts05 (~scout@ScoutLink-57913d5d.internode.on.net) has left
Oct 21 20:03:50 *	L (L@29646d.63e783.fe3861.e437b0) has joined
Oct 21 20:03:57 *	The_blue_potato (Thebluepota@ScoutLink-005b4db0.ihug.co.nz) has joined
Oct 21 20:03:57 *	jateng_kotamgl_G_Axel (jatengkotam@ScoutLink-7b9da080.telkom.net.id) has joined
Oct 21 20:04:01 *	The_blue_potato (Thebluepota@ScoutLink-005b4db0.ihug.co.nz) has left
Oct 21 20:04:05 *	cowsarereal is now known as ASMR
Oct 21 20:04:07 <alpha>	WTF
Oct 21 20:04:07 *	alpha (alpha@ScoutLink-eeb5adee.107.pldt.net) has left (SwearFilter: This language isn't appropriate to be used on a Scouting network)
Oct 21 20:04:08 *	kotatasik_dikri (kotatasikdi@5e3981.e6a7e2.36ab38.2c111a) has joined
Oct 21 20:04:08 *	tote_scout_brandon (totescoutbr@ScoutLink-2d1bc0aa.tm.net.my) has joined
Oct 21 20:04:15 *	safiramaharani (~safiraadist@7544bc.69ccfa.c5d7ba.21f4c5) has joined
Oct 21 20:04:15 *	safiramaharani (~safiraadist@7544bc.69ccfa.c5d7ba.21f4c5) has left
Oct 21 20:04:17 *	Zoe_and_Lucie (ZoeandLucie@ScoutLink-498fc999.vf.net.nz) has joined
Oct 21 20:04:23 *	L has quit (Quit: ScoutLink Webchat - https://webchat.scoutlink.net)
Oct 21 20:04:41 <TTT>	girls
Oct 21 20:04:47 <jateng_kotamgl_G_Axel>	hello
Oct 21 20:04:51 <TTT>	hi
Oct 21 20:05:00 *	kotatasik_dikri has quit (Quit: ScoutLink Webchat - https://webchat.scoutlink.net)
Oct 21 20:05:01 *	Aprili (~SLAndroid@4a9cff.798e2d.fc4ec6.c8422d) has joined
Oct 21 20:05:13 *	Aprili has quit (Connection closed)
Oct 21 20:05:13 *	baby_shark (~SLAndroid@4a9cff.798e2d.ba4dad.8b4ef1) has joined
Oct 21 20:05:18 <baby_shark>	hey
Oct 21 20:05:20 *	safiramaharani (~safiraadist@7544bc.69ccfa.c5d7ba.21f4c5) has joined
Oct 21 20:05:20 *	safiramaharani (~safiraadist@7544bc.69ccfa.c5d7ba.21f4c5) has left
Oct 21 20:05:21 *	ryhngne (ryhngne@bccdc5.95233b.975aea.47809e) has joined
Oct 21 20:05:21 *	izz (izz@470eaf.789d61.1cebad.4e0d62) has joined
Oct 21 20:05:22 <batam_ajis>	pc me
